0 info it worked if it ends with ok
1 verbose cli [ 'C:\\Program Files (x86)\\nodejs\\node.exe',
1 verbose cli   'C:\\Program Files (x86)\\nodejs\\node_modules\\npm\\bin\\npm-cli.js',
1 verbose cli   'start' ]
2 info using npm@3.10.10
3 info using node@v6.9.5
4 verbose run-script [ 'prestart', 'start', 'poststart' ]
5 info lifecycle __pluginName__@0.9.7~prestart: __pluginName__@0.9.7
6 silly lifecycle __pluginName__@0.9.7~prestart: no script for prestart, continuing
7 info lifecycle __pluginName__@0.9.7~start: __pluginName__@0.9.7
8 verbose lifecycle __pluginName__@0.9.7~start: unsafe-perm in lifecycle true
9 verbose lifecycle __pluginName__@0.9.7~start: PATH: C:\Program Files (x86)\nodejs\node_modules\npm\bin\node-gyp-bin;C:\Users\yum8\Desktop\study\angular-js\angular2-js\seed-ui\node_modules\.bin;C:\Program Files\Java\jdk1.8.0_144\bin;C:\Program Files (x86)\RSA SecurID Token Common;C:\Users\yum8\Desktop\tool\ant\apache-ant-1.9.6\bin;C:\Users\yum8\Desktop\tool\maven-3.5.0\bin;C:\ProgramData\Oracle\Java\javapath;C:\windows\system32;C:\windows;C:\windows\System32\Wbem;C:\windows\System32\WindowsPowerShell\v1.0\;C:\Program Files (x86)\Common Files\EMC\;C:\Program Files\Git\cmd;C:\Program Files (x86)\nodejs\;C:\Program Files\MySQL\MySQL Server 5.7\bin;C:\ProgramData\chocolatey\bin;C:\Program Files\Java\jdk1.8.0_144\bin;C:\Users\yum8\AppData\Roaming\npm;C:\javaIDE\VSCode\bin
10 verbose lifecycle __pluginName__@0.9.7~start: CWD: C:\Users\yum8\Desktop\study\angular-js\angular2-js\seed-ui
11 silly lifecycle __pluginName__@0.9.7~start: Args: [ '/d /s /c',
11 silly lifecycle   'ng serve  --port 4201 --proxy-config proxy.conf.json' ]
12 silly lifecycle __pluginName__@0.9.7~start: Returned: code: 3221225786  signal: null
13 info lifecycle __pluginName__@0.9.7~start: Failed to exec start script
14 verbose stack Error: __pluginName__@0.9.7 start: `ng serve  --port 4201 --proxy-config proxy.conf.json`
14 verbose stack Exit status 3221225786
14 verbose stack     at EventEmitter.<anonymous> (C:\Program Files (x86)\nodejs\node_modules\npm\lib\utils\lifecycle.js:255:16)
14 verbose stack     at emitTwo (events.js:106:13)
14 verbose stack     at EventEmitter.emit (events.js:191:7)
14 verbose stack     at ChildProcess.<anonymous> (C:\Program Files (x86)\nodejs\node_modules\npm\lib\utils\spawn.js:40:14)
14 verbose stack     at emitTwo (events.js:106:13)
14 verbose stack     at ChildProcess.emit (events.js:191:7)
14 verbose stack     at maybeClose (internal/child_process.js:877:16)
14 verbose stack     at Process.ChildProcess._handle.onexit (internal/child_process.js:226:5)
15 verbose pkgid __pluginName__@0.9.7
16 verbose cwd C:\Users\yum8\Desktop\study\angular-js\angular2-js\seed-ui
17 error Windows_NT 6.1.7601
18 error argv "C:\\Program Files (x86)\\nodejs\\node.exe" "C:\\Program Files (x86)\\nodejs\\node_modules\\npm\\bin\\npm-cli.js" "start"
19 error node v6.9.5
20 error npm  v3.10.10
21 error code ELIFECYCLE
22 error __pluginName__@0.9.7 start: `ng serve  --port 4201 --proxy-config proxy.conf.json`
22 error Exit status 3221225786
23 error Failed at the __pluginName__@0.9.7 start script 'ng serve  --port 4201 --proxy-config proxy.conf.json'.
23 error Make sure you have the latest version of node.js and npm installed.
23 error If you do, this is most likely a problem with the __pluginName__ package,
23 error not with npm itself.
23 error Tell the author that this fails on your system:
23 error     ng serve  --port 4201 --proxy-config proxy.conf.json
23 error You can get information on how to open an issue for this project with:
23 error     npm bugs __pluginName__
23 error Or if that isn't available, you can get their info via:
23 error     npm owner ls __pluginName__
23 error There is likely additional logging output above.
24 verbose exit [ 1, true ]
